<?xml version="1.0" encoding="UTF-8"?>
<!-- Generated by org.testng.reporters.JUnitReportReporter -->
<testsuite hostname="DESKTOP-8SHG8LJ" failures="0" tests="1" name="RestAPI.Api_metthods" time="2.870" errors="0" timestamp="2024-01-14T16:38:38 IST" skipped="0">
  <testcase classname="RestAPI.Api_metthods" name="cookies" time="2.870"/>
  <system-out/>
</testsuite> <!-- RestAPI.Api_metthods -->
